0 info it worked if it ends with ok
1 verbose cli [ 'node', '/usr/local/bin/npm', 'install', 'express3' ]
2 info using npm@1.3.5
3 info using node@v0.10.15
4 warn package.json application-name@0.0.1 No repository field.
5 verbose readDependencies using package.json deps
6 verbose cache add [ 'express3', null ]
7 verbose cache add name=undefined spec="express3" args=["express3",null]
8 verbose parsed url { protocol: null,
8 verbose parsed url   slashes: null,
8 verbose parsed url   auth: null,
8 verbose parsed url   host: null,
8 verbose parsed url   port: null,
8 verbose parsed url   hostname: null,
8 verbose parsed url   hash: null,
8 verbose parsed url   search: null,
8 verbose parsed url   query: null,
8 verbose parsed url   pathname: 'express3',
8 verbose parsed url   path: 'express3',
8 verbose parsed url   href: 'express3' }
9 silly lockFile 54ef0bae-express3 express3
10 verbose lock express3 /Users/ohra/.npm/54ef0bae-express3.lock
11 silly lockFile 54ef0bae-express3 express3
12 silly lockFile 54ef0bae-express3 express3
13 verbose addNamed [ 'express3', '' ]
14 verbose addNamed [ null, '*' ]
15 silly lockFile b428b5ab-express3 express3@
16 verbose lock express3@ /Users/ohra/.npm/b428b5ab-express3.lock
17 silly addNameRange { name: 'express3', range: '*', hasData: false }
18 verbose url raw express3
19 verbose url resolving [ 'https://registry.npmjs.org/', './express3' ]
20 verbose url resolved https://registry.npmjs.org/express3
21 info trying registry request attempt 1 at 17:51:21
22 http GET https://registry.npmjs.org/express3
23 http 404 https://registry.npmjs.org/express3
24 silly registry.get cb [ 404,
24 silly registry.get   { server: 'CouchDB/1.3.1 (Erlang OTP/R15B03)',
24 silly registry.get     date: 'Thu, 12 Sep 2013 14:51:23 GMT',
24 silly registry.get     'content-type': 'application/json',
24 silly registry.get     'content-length': '52',
24 silly registry.get     'cache-control': 'must-revalidate' } ]
25 silly lockFile b428b5ab-express3 express3@
26 silly lockFile b428b5ab-express3 express3@
27 error 404 'express3' is not in the npm registry.
27 error 404 You should bug the author to publish it
27 error 404
27 error 404 Note that you can also install from a
27 error 404 tarball, folder, or http url, or git url.
28 error System Darwin 12.4.1
29 error command "node" "/usr/local/bin/npm" "install" "express3"
30 error cwd /Users/ohra/Documents/work/kissakone.ts
31 error node -v v0.10.15
32 error npm -v 1.3.5
33 error code E404
34 verbose exit [ 1, true ]
